2017-08-24 08:23:50|1245128448|CAsyncLoader IO Thread started2017-08-24 08:23:50|1236735744|Async Processing Thread Local(0) Started
2017-08-24 08:23:50|1228343040|Async Processing Thread Asset(1) Started
2017-08-24 08:23:50|1219950336|Async Processing Thread Web(2) Started
2017-08-24 08:23:50|872412928|Async Processing Thread AudioFile(4) Started
2017-08-24 08:23:50|1006630656|Async Processing Thread BigFile(3) Started
2017-08-24 08:23:50|998237952|ParaFile.OpenAssetFile using local file:www/webserver.config.xml
2017-08-24 08:24:13|998237952|ParaFile.OpenAssetFile using local file:www/index.page
2017-08-24 08:24:13|998237952|ParaFile.OpenAssetFile using local file:script/apps/WebServer/admin/wp-main.page
2017-08-24 08:24:13|998237952|ParaFile.OpenAssetFile using local file:script/apps/WebServer/admin/wp-includes/functions.page
2017-08-24 08:24:13|998237952|ParaFile.OpenAssetFile using local file:script/apps/WebServer/admin/wp-includes/plugin.page
2017-08-24 08:24:13|998237952|ParaFile.OpenAssetFile using local file:script/apps/WebServer/admin/wp-includes/query.page
2017-08-24 08:24:13|998237952|ParaFile.OpenAssetFile using local file:script/apps/WebServer/admin/wp-includes/general-template.page
2017-08-24 08:24:13|998237952|ParaFile.OpenAssetFile using local file:script/apps/WebServer/admin/wp-includes/http.page
2017-08-24 08:24:13|998237952|ParaFile.OpenAssetFile using local file:www/routes.page
2017-08-24 08:24:13|998237952|ParaFile.OpenAssetFile using local file:www/content.page
2017-08-24 08:26:50|855627520|ParaFile.OpenAssetFile using local file:www/plugins/jquery/jquery.min.js
2017-08-24 08:27:04|855627520|ParaFile.OpenAssetFile using local file:www/plugins/bootstrap/js/bootstrap.min.js
2017-08-24 08:27:13|855627520|ParaFile.OpenAssetFile using local file:www/plugins/angular/angular.min.js
2017-08-24 08:27:32|855627520|ParaFile.OpenAssetFile using local file:www/plugins/angular-ui-bootstrap/ui-bootstrap-tpls.js
2017-08-24 08:27:45|855627520|ParaFile.OpenAssetFile using local file:www/plugins/angular-ui-router/angular-ui-router.min.js
2017-08-24 08:27:57|855627520|ParaFile.OpenAssetFile using local file:www/plugins/bootstrap-treeview/bootstrap-treeview.min.js
2017-08-24 08:28:09|855627520|ParaFile.OpenAssetFile using local file:www/plugins/satellizer/satellizer.min.js
2017-08-24 08:28:19|855627520|ParaFile.OpenAssetFile using local file:www/plugins/angular-file-upload/angular-file-upload.min.js
2017-08-24 08:28:30|855627520|ParaFile.OpenAssetFile using local file:www/plugins/github-api/GitHub.bundle.min.js
2017-08-24 08:28:53|855627520|ParaFile.OpenAssetFile using local file:www/plugins/ui-select/select.js
2017-08-24 08:29:08|855627520|ParaFile.OpenAssetFile using local file:www/js/app.js
2017-08-24 08:29:19|855627520|ParaFile.OpenAssetFile using local file:www/js/mainController.js
2017-08-24 11:34:57|855627520|ParaFile.OpenAssetFile using local file:www/plugins/bootstrap/css/bootstrap.min.css
2017-08-24 11:34:57|855627520|ParaFile.OpenAssetFile using local file:www/plugins/ui-select/select.css
2017-08-24 11:34:57|855627520|ParaFile.OpenAssetFile using local file:www/css/chart_column.css
